SF:lib/src/core/bytes.dart
DA:4,8
DA:5,9
LF:2
LH:2
end_of_record
SF:lib/src/core/errors.dart
DA:6,0
DA:10,0
DA:11,0
DA:16,0
DA:21,0
DA:26,0
LF:6
LH:0
end_of_record
SF:lib/src/core/networks.dart
DA:6,7
DA:7,21
DA:8,21
DA:23,7
DA:24,21
DA:33,0
DA:34,0
LF:7
LH:5
end_of_record
SF:lib/src/core/secure_buffer.dart
DA:7,10
DA:8,30
DA:9,10
DA:16,16
DA:19,7
DA:25,0
DA:28,0
DA:31,4
DA:32,4
DA:33,8
DA:34,4
LF:11
LH:9
end_of_record
SF:lib/src/core/validation.dart
DA:10,8
DA:11,16
DA:12,1
DA:17,7
DA:18,14
DA:19,0
LF:6
LH:5
end_of_record
SF:lib/src/hd/path.dart
DA:5,24
DA:13,7
DA:23,14
DA:26,7
DA:27,7
DA:28,7
DA:32,1
DA:33,1
DA:34,0
DA:36,1
DA:40,24
DA:43,8
DA:44,15
DA:45,3
DA:50,7
DA:51,14
DA:52,1
DA:57,1
DA:58,1
DA:60,1
DA:61,1
DA:67,4
DA:72,8
DA:73,8
DA:74,1
DA:77,16
DA:78,24
DA:79,1
DA:82,8
DA:83,16
DA:84,8
DA:86,32
DA:88,16
DA:89,8
DA:90,21
DA:91,8
DA:93,7
DA:95,7
DA:97,8
DA:99,7
DA:103,1
DA:107,1
DA:111,2
DA:112,1
DA:113,2
DA:115,1
DA:117,1
DA:118,1
LF:48
LH:47
end_of_record
SF:lib/src/hd/wallet_layout.dart
DA:15,1
DA:16,1
DA:17,1
DA:18,1
DA:22,1
DA:27,2
DA:31,1
DA:36,2
DA:40,1
DA:41,1
DA:42,1
DA:46,1
DA:47,1
DA:50,2
DA:53,0
DA:56,1
DA:57,1
DA:58,1
DA:59,3
DA:63,0
DA:64,0
DA:65,0
DA:66,0
DA:70,1
DA:71,1
DA:72,2
DA:76,0
DA:77,0
DA:78,0
LF:29
LH:21
end_of_record
SF:lib/src/native_readiness.dart
DA:10,0
LF:1
LH:0
end_of_record
SF:lib/src/wif/wif.dart
DA:10,4
DA:22,1
DA:23,4
DA:24,1
DA:26,0
DA:27,0
DA:29,2
DA:30,0
DA:31,0
DA:32,0
DA:36,2
DA:37,0
DA:39,1
DA:40,1
DA:41,2
DA:46,4
DA:47,4
DA:48,8
DA:49,0
DA:51,4
DA:52,12
DA:53,4
DA:55,4
DA:60,1
DA:61,1
DA:63,1
DA:65,1
DA:69,4
DA:70,16
DA:72,4
DA:74,4
LF:31
LH:24
end_of_record
SF:lib/src/hd/extended_key.dart
DA:36,8
DA:46,8
DA:52,7
DA:88,24
DA:93,8
DA:94,8
DA:95,32
DA:96,8
DA:103,5
DA:104,5
DA:105,10
DA:109,7
DA:110,7
DA:111,21
DA:115,7
DA:116,7
DA:117,21
DA:121,7
DA:122,28
DA:125,2
DA:128,1
DA:129,1
DA:130,1
DA:134,8
DA:135,8
DA:136,8
DA:140,7
DA:141,7
DA:142,7
DA:143,14
DA:144,7
DA:145,7
DA:146,7
DA:147,7
DA:148,7
DA:153,7
DA:154,7
DA:155,14
DA:156,7
DA:158,7
DA:160,7
DA:165,7
DA:166,7
DA:167,14
DA:168,7
DA:172,1
DA:173,1
DA:175,1
DA:177,1
DA:182,4
DA:183,4
DA:184,4
DA:185,4
DA:186,4
DA:187,8
DA:188,12
DA:195,1
DA:196,1
DA:197,1
DA:198,4
DA:199,1
DA:200,1
DA:202,1
DA:203,1
DA:204,1
DA:214,7
DA:215,7
DA:216,7
DA:217,14
DA:218,1
DA:220,7
DA:224,2
DA:225,2
DA:226,4
DA:230,7
DA:231,7
DA:232,14
DA:233,0
DA:235,14
DA:242,7
DA:247,7
DA:248,14
DA:250,21
DA:251,14
DA:252,0
DA:253,0
DA:255,0
DA:266,7
DA:267,14
DA:272,2
DA:273,2
DA:274,2
DA:275,4
DA:276,0
DA:278,2
DA:282,1
DA:283,3
DA:286,1
DA:287,1
DA:288,2
DA:289,2
DA:290,2
DA:292,2
DA:293,1
DA:297,1
DA:301,1
DA:307,0
DA:309,1
DA:310,1
DA:311,1
DA:312,1
DA:314,1
DA:316,1
DA:317,1
DA:322,5
DA:323,5
DA:324,5
DA:325,12
DA:329,3
DA:330,3
DA:331,6
DA:335,0
DA:336,0
DA:337,0
DA:341,0
DA:342,0
DA:343,0
DA:347,0
DA:348,0
DA:349,0
DA:353,4
DA:354,4
DA:355,8
DA:356,4
DA:357,8
DA:358,4
DA:359,6
DA:360,3
DA:362,4
DA:363,4
DA:364,4
DA:368,3
DA:369,6
DA:372,4
DA:373,4
DA:374,8
DA:375,1
DA:377,4
DA:379,4
DA:381,4
DA:386,1
DA:387,1
DA:388,2
DA:389,0
DA:391,1
DA:393,1
DA:395,1
DA:400,3
DA:405,3
DA:406,3
DA:407,3
DA:408,6
DA:409,8
DA:410,1
DA:412,2
DA:413,2
DA:415,2
DA:416,2
DA:423,8
DA:428,8
DA:429,8
DA:430,8
DA:431,16
DA:432,1
DA:436,8
DA:437,2
DA:439,8
DA:440,8
DA:447,8
DA:448,8
DA:449,16
DA:450,1
DA:452,16
DA:453,1
DA:456,8
DA:457,16
DA:461,8
DA:462,8
DA:463,8
DA:464,0
DA:466,8
DA:468,8
DA:472,7
DA:474,7
DA:477,7
DA:478,7
DA:479,1
DA:482,7
DA:486,7
DA:487,21
DA:488,21
DA:490,12
DA:491,18
DA:494,14
DA:495,7
DA:498,7
DA:499,0
DA:504,7
DA:505,21
DA:507,0
DA:510,7
DA:511,7
DA:512,7
DA:513,7
DA:514,14
DA:519,6
DA:521,0
DA:525,3
DA:527,3
DA:528,3
DA:529,6
DA:534,0
DA:540,7
DA:541,7
DA:546,0
DA:547,0
DA:548,0
DA:550,0
DA:553,7
DA:554,7
DA:555,0
DA:557,21
DA:558,1
DA:562,7
DA:563,7
DA:564,7
DA:568,2
DA:571,2
DA:572,0
DA:573,0
DA:576,2
DA:577,2
DA:578,2
DA:580,2
DA:583,0
DA:587,4
DA:589,4
DA:590,4
DA:595,2
DA:601,2
DA:606,2
DA:610,0
DA:611,0
DA:612,0
DA:614,2
DA:615,6
DA:618,2
DA:619,2
DA:620,2
DA:625,0
DA:630,0
DA:634,0
DA:636,0
DA:639,0
DA:643,2
DA:647,2
DA:649,2
DA:652,2
DA:653,2
DA:657,7
DA:658,37
DA:659,7
DA:660,14
DA:661,7
DA:662,14
DA:663,14
DA:664,14
DA:665,14
DA:666,7
DA:667,6
DA:668,18
DA:670,8
DA:675,4
DA:676,8
DA:677,4
DA:678,12
DA:679,12
DA:681,2
DA:684,4
DA:685,4
DA:687,4
DA:688,8
DA:689,2
DA:692,4
DA:693,8
DA:694,2
DA:697,4
DA:698,4
DA:699,4
DA:703,8
DA:704,2
DA:706,8
DA:708,12
DA:709,1
DA:711,2
DA:714,4
DA:715,4
DA:716,4
DA:717,4
DA:725,6
DA:726,6
DA:727,1
DA:731,8
DA:732,8
DA:733,2
DA:742,2
LF:316
LH:279
end_of_record
SF:lib/src/crypto/digest.dart
DA:6,18
LF:1
LH:1
end_of_record
SF:lib/src/crypto/ecurve.dart
DA:16,27
DA:17,36
DA:23,32
DA:29,16
DA:44,2
DA:50,0
DA:59,9
DA:60,9
DA:61,54
DA:65,8
DA:66,16
DA:67,8
DA:68,8
DA:70,24
DA:71,24
DA:73,8
DA:74,0
DA:77,31
DA:78,1
DA:79,3
DA:80,3
DA:81,3
DA:85,27
DA:88,8
DA:89,8
DA:90,24
DA:98,8
DA:99,8
DA:100,48
DA:103,4
DA:104,8
DA:105,4
DA:106,4
DA:107,24
DA:110,0
DA:112,5
DA:113,0
DA:119,9
DA:120,10
DA:121,9
DA:125,5
DA:126,6
DA:127,5
DA:128,5
DA:130,5
DA:135,1
DA:137,0
DA:138,0
DA:139,0
DA:140,0
DA:145,8
DA:146,8
DA:147,9
DA:149,8
DA:150,8
DA:151,0
DA:155,1
DA:157,0
DA:158,0
DA:159,0
DA:160,0
DA:165,5
DA:166,5
DA:167,5
DA:169,5
DA:170,0
DA:171,0
DA:175,4
DA:176,4
DA:177,4
DA:178,4
DA:180,4
DA:182,4
DA:187,0
DA:188,0
DA:189,0
DA:190,0
DA:193,1
DA:199,4
DA:200,4
DA:201,12
DA:204,1
DA:205,3
DA:206,2
DA:210,1
DA:211,1
DA:212,3
DA:213,8
DA:218,1
DA:219,1
DA:220,2
DA:221,0
DA:222,0
DA:224,0
DA:225,0
DA:229,1
DA:230,2
DA:233,3
DA:234,5
DA:235,2
DA:238,1
DA:240,1
DA:241,1
DA:243,2
DA:244,6
DA:245,1
DA:250,9
DA:251,27
DA:252,0
DA:261,27
DA:262,18
DA:263,63
DA:264,63
DA:266,9
DA:270,0
DA:271,0
DA:274,0
DA:275,0
LF:118
LH:90
end_of_record
SF:lib/src/crypto/hash.dart
DA:11,16
DA:12,16
DA:15,8
DA:16,16
DA:18,16
DA:20,8
DA:29,8
DA:30,16
DA:33,0
DA:34,0
LF:10
LH:8
end_of_record
SF:lib/src/encoding/base58check.dart
DA:11,12
DA:12,8
DA:13,12
DA:14,8
DA:17,4
DA:19,7
DA:20,14
DA:22,14
DA:24,7
DA:29,7
DA:30,7
DA:32,21
DA:33,14
DA:34,21
DA:37,7
DA:42,4
DA:43,8
DA:44,0
DA:46,8
DA:47,4
DA:48,4
DA:51,12
DA:52,16
DA:53,16
DA:54,16
DA:55,2
DA:57,4
DA:59,4
DA:63,7
DA:64,7
DA:66,7
DA:68,7
DA:72,4
DA:73,4
DA:75,4
DA:77,4
DA:81,7
DA:82,7
DA:86,7
DA:87,14
DA:89,21
DA:90,21
DA:91,14
DA:92,7
DA:94,7
DA:95,14
DA:96,7
DA:100,7
DA:101,35
DA:102,0
DA:104,28
DA:105,21
DA:107,7
DA:110,4
DA:111,4
DA:112,0
DA:116,20
DA:117,1
DA:120,4
DA:121,12
DA:122,4
DA:123,12
DA:124,0
DA:126,8
DA:127,4
DA:128,0
DA:132,12
DA:133,12
DA:134,8
DA:135,4
DA:137,4
DA:138,8
DA:139,4
DA:143,8
DA:144,4
DA:145,12
DA:146,16
LF:77
LH:72
end_of_record
